Thu 07 Sep 2023 07:21:24 PM UTC: 
 tests:  0|6
total_score: 0/70
b115892
Thu 07 Sep 2023 07:27:23 PM UTC: 
 hashmap.c | 22 ++++++++++++++++++++++
 1 file changed, 22 insertions(+)
 tests:  0|0
7a0d4fe
Thu 07 Sep 2023 07:28:06 PM UTC: 
 hashmap.c | 2 --
 1 file changed, 2 deletions(-)
 tests:  1|5
total_score: 10/70
3954f96
Thu 07 Sep 2023 07:30:50 PM UTC: 
 hashmap.c | 21 +++++++++++++++++++--
 1 file changed, 19 insertions(+), 2 deletions(-)
In file included from test.c:4:
hashmap.c: In function ‘insertMap’:
hashmap.c:58:12: error: ‘Pair’ has no member named ‘next’
   58 |     newPair->next = map->buckets[index];
      |            ^~
Compilation failed
261800d
Thu 07 Sep 2023 07:32:23 PM UTC: 
 hashmap.c | 44 ++++++++++++++++++++++++--------------------
 1 file changed, 24 insertions(+), 20 deletions(-)
In file included from test.c:4:
hashmap.c: In function ‘insertMap’:
hashmap.c:92:12: error: ‘Pair’ has no member named ‘next’
   92 |     newPair->next = map->buckets[index];
      |            ^~
Compilation failed
240a531
Thu 07 Sep 2023 07:35:15 PM UTC: 
 hashmap.c | 44 +++++++++++++++++++++-----------------------
 1 file changed, 21 insertions(+), 23 deletions(-)
In file included from test.c:4:
hashmap.c: In function ‘insertMap’:
hashmap.c:58:12: error: ‘Pair’ has no member named ‘next’
   58 |     newPair->next = map->buckets[index];
      |            ^~
Compilation failed
ee55c76
Thu 07 Sep 2023 07:36:45 PM UTC: 
 hashmap.c | 1 +
 1 file changed, 1 insertion(+)
In file included from test.c:4:
hashmap.c: In function ‘createPair’:
hashmap.c:23:19: error: unused variable ‘next’ [-Werror=unused-variable]
   23 |     struct Pair * next; // Apuntador al siguiente par en caso de colisión
      |                   ^~~~
hashmap.c: In function ‘insertMap’:
hashmap.c:59:12: error: ‘Pair’ has no member named ‘next’
   59 |     newPair->next = map->buckets[index];
      |            ^~
cc1: all warnings being treated as errors
Compilation failed
522d4f0
